<?xml version="1.0" encoding="UTF-8"?>
<testng-results skipped="0" failed="0" ignored="0" total="2" passed="2">
  <reporter-output>
  </reporter-output>
  <suite name="Suite" duration-ms="7524" started-at="2017-11-02T15:43:26Z" finished-at="2017-11-02T15:43:33Z">
    <groups>
    </groups>
    <test name="Test" duration-ms="7524" started-at="2017-11-02T15:43:26Z" finished-at="2017-11-02T15:43:33Z">
      <class name="com.alg.mvnproject.test1">
        <test-method status="PASS" signature="setUp()[pri:0, instance:com.alg.mvnproject.test1@79698539]" name="setUp" duration-ms="3660" started-at="2017-11-02T11:43:26Z" finished-at="2017-11-02T11:43:29Z">
          <reporter-output>
          </reporter-output>
        </test-method> <!-- setUp -->
        <test-method status="PASS" signature="test()[pri:0, instance:com.alg.mvnproject.test1@79698539]" name="test" duration-ms="3836" started-at="2017-11-02T11:43:29Z" depends-on-methods="com.alg.mvnproject.test1.setUp" finished-at="2017-11-02T11:43:33Z">
          <reporter-output>
          </reporter-output>
        </test-method> <!-- test -->
      </class> <!-- com.alg.mvnproject.test1 -->
    </test> <!-- Test -->
  </suite> <!-- Suite -->
</testng-results>
