<?xml version="1.0" encoding="UTF-8"?>
<testng-results skipped="0" failed="0" ignored="0" total="2" passed="2">
  <reporter-output>
  </reporter-output>
  <suite name="Suite" duration-ms="7949" started-at="2017-11-02T13:06:19Z" finished-at="2017-11-02T13:06:27Z">
    <groups>
    </groups>
    <test name="Test" duration-ms="7949" started-at="2017-11-02T13:06:19Z" finished-at="2017-11-02T13:06:27Z">
      <class name="com.alg.mvnproject.test1">
        <test-method status="PASS" signature="setUp()[pri:0, instance:com.alg.mvnproject.test1@61832929]" name="setUp" duration-ms="3098" started-at="2017-11-02T09:06:19Z" finished-at="2017-11-02T09:06:22Z">
          <reporter-output>
          </reporter-output>
        </test-method> <!-- setUp -->
        <test-method status="PASS" signature="test()[pri:0, instance:com.alg.mvnproject.test1@61832929]" name="test" duration-ms="4819" started-at="2017-11-02T09:06:22Z" depends-on-methods="com.alg.mvnproject.test1.setUp" finished-at="2017-11-02T09:06:27Z">
          <reporter-output>
          </reporter-output>
        </test-method> <!-- test -->
      </class> <!-- com.alg.mvnproject.test1 -->
    </test> <!-- Test -->
  </suite> <!-- Suite -->
</testng-results>
